This is pdfTeX, Version 3.1415926-1.40.10 (TeX Live 2009/Debian) (format=pdflatex 2011.11.28)  7 OCT 2012 21:55
entering extended mode
 %&-line parsing enabled.
**tutorial.tex
(./tutorial.tex
LaTeX2e <2009/09/24>
Babel <v3.8l> and hyphenation patterns for english, usenglishmax, dumylang, noh
yphenation, ibycus, monogreek, greek, ancientgreek, loaded.
(/usr/share/texmf-texlive/tex/latex/base/book.cls
Document Class: book 2007/10/19 v1.4h Standard LaTeX document class
(/usr/share/texmf-texlive/tex/latex/base/bk11.clo
File: bk11.clo 2007/10/19 v1.4h Standard LaTeX file (size option)
)
\c@part=\count79
\c@chapter=\count80
\c@section=\count81
\c@subsection=\count82
\c@subsubsection=\count83
\c@paragraph=\count84
\c@subparagraph=\count85
\c@figure=\count86
\c@table=\count87
\abovecaptionskip=\skip41
\belowcaptionskip=\skip42
\bibindent=\dimen102
)
(/usr/share/texmf-texlive/tex/latex/graphics/graphicx.sty
Package: graphicx 1999/02/16 v1.0f Enhanced LaTeX Graphics (DPC,SPQR)

(/usr/share/texmf-texlive/tex/latex/graphics/keyval.sty
Package: keyval 1999/03/16 v1.13 key=value parser (DPC)
\KV@toks@=\toks14
)
(/usr/share/texmf-texlive/tex/latex/graphics/graphics.sty
Package: graphics 2009/02/05 v1.0o Standard LaTeX Graphics (DPC,SPQR)

(/usr/share/texmf-texlive/tex/latex/graphics/trig.sty
Package: trig 1999/03/16 v1.09 sin cos tan (DPC)
)
(/etc/texmf/tex/latex/config/graphics.cfg
File: graphics.cfg 2009/08/28 v1.8 graphics configuration of TeX Live
)
Package graphics Info: Driver file: dvips.def on input line 91.

(/usr/share/texmf-texlive/tex/latex/graphics/dvips.def
File: dvips.def 1999/02/16 v3.0i Driver-dependant file (DPC,SPQR)
))
\Gin@req@height=\dimen103
\Gin@req@width=\dimen104
)
(/usr/share/texmf-texlive/tex/latex/graphics/color.sty
Package: color 2005/11/14 v1.0j Standard LaTeX Color (DPC)

(/etc/texmf/tex/latex/config/color.cfg
File: color.cfg 2007/01/18 v1.5 color configuration of teTeX/TeXLive
)
Package color Info: Driver file: pdftex.def on input line 130.

(/usr/share/texmf-texlive/tex/latex/pdftex-def/pdftex.def
File: pdftex.def 2010/03/12 v0.04p Graphics/color for pdfTeX
\Gread@gobject=\count88
)
(/usr/share/texmf-texlive/tex/latex/graphics/dvipsnam.def
File: dvipsnam.def 1999/02/16 v3.0i Driver-dependant file (DPC,SPQR)
))
(/usr/share/texmf-texlive/tex/latex/base/makeidx.sty
Package: makeidx 2000/03/29 v1.0m Standard LaTeX package
)
\boxedverb=\box26
\@indexfile=\write3
\openout3 = `tutorial.idx'.


Writing index file tutorial.idx
(./tutorial.aux

LaTeX Warning: Label `sec:summary' multiply defined.

)
\openout1 = `tutorial.aux'.

LaTeX Font Info:    Checking defaults for OML/cmm/m/it on input line 31.
LaTeX Font Info:    ... okay on input line 31.
LaTeX Font Info:    Checking defaults for T1/cmr/m/n on input line 31.
LaTeX Font Info:    ... okay on input line 31.
LaTeX Font Info:    Checking defaults for OT1/cmr/m/n on input line 31.
LaTeX Font Info:    ... okay on input line 31.
LaTeX Font Info:    Checking defaults for OMS/cmsy/m/n on input line 31.
LaTeX Font Info:    ... okay on input line 31.
LaTeX Font Info:    Checking defaults for OMX/cmex/m/n on input line 31.
LaTeX Font Info:    ... okay on input line 31.
LaTeX Font Info:    Checking defaults for U/cmr/m/n on input line 31.
LaTeX Font Info:    ... okay on input line 31.
 (/usr/share/texmf-texlive/tex/context/base/supp-pdf.mkii
[Loading MPS to PDF converter (version 2006.09.02).]
\scratchcounter=\count89
\scratchdimen=\dimen105
\scratchbox=\box27
\nofMPsegments=\count90
\nofMParguments=\count91
\everyMPshowfont=\toks15
\MPscratchCnt=\count92
\MPscratchDim=\dimen106
\MPnumerator=\count93
\everyMPtoPDFconversion=\toks16
)
LaTeX Font Info:    External font `cmex10' loaded for size
(Font)              <12> on input line 39.
LaTeX Font Info:    External font `cmex10' loaded for size
(Font)              <8> on input line 39.
LaTeX Font Info:    External font `cmex10' loaded for size
(Font)              <6> on input line 39.
 [1



{/var/lib/texmf/fonts/map/pdftex/updmap/pdftex.map}]
LaTeX Font Info:    External font `cmex10' loaded for size
(Font)              <9> on input line 44.
LaTeX Font Info:    External font `cmex10' loaded for size
(Font)              <5> on input line 44.
LaTeX Font Info:    Try loading font information for OMS+cmr on input line 44.

(/usr/share/texmf-texlive/tex/latex/base/omscmr.fd
File: omscmr.fd 1999/05/25 v2.5h Standard LaTeX font definitions
)
LaTeX Font Info:    Font shape `OMS/cmr/m/n' in size <9> not available
(Font)              Font shape `OMS/cmsy/m/n' tried instead on input line 44.
 [2

] (./tutorial.toc
LaTeX Font Info:    External font `cmex10' loaded for size
(Font)              <10.95> on input line 2.

[3

])
\tf@toc=\write4
\openout4 = `tutorial.toc'.

 [4]
Chapter 1.
LaTeX Font Info:    Font shape `OMS/cmr/m/n' in size <10.95> not available
(Font)              Font shape `OMS/cmsy/m/n' tried instead on input line 83.

Overfull \vbox (0.57935pt too high) has occurred while \output is active []


[1


] [2] [3] [4

]
Chapter 2.

Overfull \hbox (6.79999pt too wide) in paragraph at lines 272--273
[][] 
 []

[5] [6]
Overfull \hbox (6.79999pt too wide) in paragraph at lines 358--359
[][] 
 []


Overfull \hbox (6.79999pt too wide) in paragraph at lines 408--409
[][] 
 []

[7] [8] [9] [10

]
Chapter 3.
[11]
Overfull \hbox (6.79999pt too wide) in paragraph at lines 569--570
[][] 
 []

[12]
Overfull \hbox (6.79999pt too wide) in paragraph at lines 647--648
[][] 
 []


Overfull \hbox (6.79999pt too wide) in paragraph at lines 683--684
[][] 
 []

<../images/presidents-container.png, id=66, 304.60466pt x 178.80133pt>
File: ../images/presidents-container.png Graphic file (type png)

<use ../images/presidents-container.png> [13] [14] [15 <../images/presidents-co
ntainer.png (PNG copy)>]
Overfull \hbox (7.8441pt too wide) in paragraph at lines 747--749
[]\OT1/cmr/m/n/10.95 If you want to do ad-di-tional pro-cess-ing, the fol-low-i
ng func-tions are pro-vided for \OT1/cmtt/m/n/10.95 base-html-sheet\OT1/cmr/m/n
/10.95 : 
 []


Overfull \hbox (6.79999pt too wide) in paragraph at lines 808--809
[][] 
 []

<../images/hello-form.png, id=77, 309.42267pt x 117.77333pt>
File: ../images/hello-form.png Graphic file (type png)

<use ../images/hello-form.png> [16] [17 <../images/hello-form.png (PNG copy)>]
Overfull \hbox (115.21747pt too wide) in paragraph at lines 862--863
[]\OT1/cmr/m/n/10.95 Collect the ob-jects whose leaves you wish to dis-play as 
ge-om-e-try in a computed-slot named[]\OT1/cmtt/m/n/10.95 ui-display-list-objec
ts\OT1/cmr/m/n/10.95 . 
 []

[18]
Chapter 4.

Overfull \hbox (6.79999pt too wide) in paragraph at lines 941--942
[][] 
 []

[19

]
Overfull \hbox (6.79999pt too wide) in paragraph at lines 1001--1002
[][] 
 []

[20]
Overfull \hbox (6.79999pt too wide) in paragraph at lines 1086--1087
[][] 
 []


Overfull \hbox (6.79999pt too wide) in paragraph at lines 1135--1136
[][] 
 []


Underfull \vbox (badness 10000) has occurred while \output is active []

 [21]
[22] [23]
Overfull \hbox (6.79999pt too wide) in paragraph at lines 1234--1235
[][] 
 []


Overfull \hbox (6.79999pt too wide) in paragraph at lines 1313--1314
[][] 
 []


LaTeX Warning: Float too large for page by 37.23831pt on input line 1319.

<../images/ledger-main.png, id=103, 254.28334pt x 180.94267pt>
File: ../images/ledger-main.png Graphic file (type png)

<use ../images/ledger-main.png>
<../images/transaction-listing.png, id=104, 222.69867pt x 210.386pt>
File: ../images/transaction-listing.png Graphic file (type png)

<use ../images/transaction-listing.png>
Overfull \hbox (6.79999pt too wide) in paragraph at lines 1403--1404
[][] 
 []


LaTeX Warning: Float too large for page by 38.8386pt on input line 1409.


Overfull \hbox (6.79999pt too wide) in paragraph at lines 1474--1475
[][] 
 []


LaTeX Warning: Float too large for page by 13.23831pt on input line 1480.

[24] [25] [26] [27 <../images/ledger-main.png (PNG copy)> <../images/transactio
n-listing.png (PNG copy)>] [28]
<../images/add-transaction.png, id=121, 250.00067pt x 191.114pt>
File: ../images/add-transaction.png Graphic file (type png)

<use ../images/add-transaction.png> [29] [30] [31 <../images/add-transaction.pn
g (PNG copy)>] [32

]
Chapter 5.

Overfull \hbox (6.79999pt too wide) in paragraph at lines 1585--1586
[][] 
 []


Overfull \hbox (6.79999pt too wide) in paragraph at lines 1647--1648
[][] 
 []

<../images/robot.png, id=134, 463.59866pt x 441.11467pt>
File: ../images/robot.png Graphic file (type png)

<use ../images/robot.png> [33] [34] [35] [36 <../images/robot.png (PNG copy)>]
Overfull \hbox (6.79999pt too wide) in paragraph at lines 1742--1743
[][] 
 []


Overfull \hbox (6.79999pt too wide) in paragraph at lines 1811--1812
[][] 
 []


LaTeX Warning: Float too large for page by 25.23831pt on input line 1817.


Overfull \hbox (6.79999pt too wide) in paragraph at lines 1861--1862
[][] 
 []


Overfull \hbox (6.79999pt too wide) in paragraph at lines 1895--1896
[][] 
 []

<../images/robot-front.png, id=148, 431.47867pt x 411.136pt>
File: ../images/robot-front.png Graphic file (type png)

<use ../images/robot-front.png>
<../images/robot-swing.png, id=149, 342.61333pt x 321.73534pt>
File: ../images/robot-swing.png Graphic file (type png)

<use ../images/robot-swing.png> [37] [38] [39] [40] [41] [42 <../images/robot-f
ront.png (PNG copy)>] [43 <../images/robot-swing.png (PNG copy)>] [44

]
Chapter 6.

Overfull \hbox (30.4733pt too wide) in paragraph at lines 1975--1978
[]\OT1/cmr/m/n/10.95 The toplevel mixes in \OT1/cmtt/m/n/10.95 node-mixin\OT1/c
mr/m/n/10.95 , and the chas-sis, body, and in-te-rior each mix in \OT1/cmtt/m/n
/10.95 application-mixin\OT1/cmr/m/n/10.95 .
 []


Overfull \hbox (6.79999pt too wide) in paragraph at lines 2036--2037
[][] 
 []


Overfull \hbox (6.79999pt too wide) in paragraph at lines 2075--2076
[][] 
 []

<../images/school-bus.png, id=175, 464.66933pt x 438.438pt>
File: ../images/school-bus.png Graphic file (type png)

<use ../images/school-bus.png> [45] [46] [47] [48 <../images/school-bus.png (PN
G copy)>]
Overfull \hbox (6.79999pt too wide) in paragraph at lines 2181--2182
[][] 
 []


Overfull \hbox (6.79999pt too wide) in paragraph at lines 2233--2234
[][] 
 []

<../images/school-bus-interior.png, id=189, 461.99266pt x 440.044pt>
File: ../images/school-bus-interior.png Graphic file (type png)

<use ../images/school-bus-interior.png>
Overfull \hbox (6.79999pt too wide) in paragraph at lines 2297--2298
[][] 
 []

<../images/school-bus-interior-front.png, id=190, 420.772pt x 197.538pt>
File: ../images/school-bus-interior-front.png Graphic file (type png)

<use ../images/school-bus-interior-front.png> [49] [50] [51] [52 <../images/sch
ool-bus-interior.png (PNG copy)>] [53]
<../images/school-bus-interior-violated.png, id=207, 420.23666pt x 197.00267pt>
File: ../images/school-bus-interior-violated.png Graphic file (type png)
<use ../images/school-bus-interior-violated.png> [54 <../images/school-bus-inte
rior-front.png (PNG copy)>] [55 <../images/school-bus-interior-violated.png (PN
G copy)>] [56

] (./tutorial.ind [57

] [58

]) (./tutorial.aux)

LaTeX Warning: There were multiply-defined labels.

 ) 
Here is how much of TeX's memory you used:
 1415 strings out of 494985
 20566 string characters out of 1181033
 115729 words of memory out of 3000000
 4605 multiletter control sequences out of 15000+50000
 11830 words of font info for 42 fonts, out of 3000000 for 9000
 73 hyphenation exceptions out of 8191
 25i,8n,21p,534b,307s stack positions out of 5000i,500n,10000p,200000b,50000s
</usr/share/texmf-texlive/fonts/type1/public/amsfonts/cm/cmbx10.pfb></usr/sha
re/texmf-texlive/fonts/type1/public/amsfonts/cm/cmbx12.pfb></usr/share/texmf-te
xlive/fonts/type1/public/amsfonts/cm/cmr10.pfb></usr/share/texmf-texlive/fonts/
type1/public/amsfonts/cm/cmr12.pfb></usr/share/texmf-texlive/fonts/type1/public
/amsfonts/cm/cmr17.pfb></usr/share/texmf-texlive/fonts/type1/public/amsfonts/cm
/cmr6.pfb></usr/share/texmf-texlive/fonts/type1/public/amsfonts/cm/cmr8.pfb></u
sr/share/texmf-texlive/fonts/type1/public/amsfonts/cm/cmr9.pfb></usr/share/texm
f-texlive/fonts/type1/public/amsfonts/cm/cmsl10.pfb></usr/share/texmf-texlive/f
onts/type1/public/amsfonts/cm/cmsy10.pfb></usr/share/texmf-texlive/fonts/type1/
public/amsfonts/cm/cmsy9.pfb></usr/share/texmf-texlive/fonts/type1/public/amsfo
nts/cm/cmti10.pfb></usr/share/texmf-texlive/fonts/type1/public/amsfonts/cm/cmtt
10.pfb></usr/share/texmf-texlive/fonts/type1/public/amsfonts/cm/cmtt9.pfb>
Output written on tutorial.pdf (62 pages, 551237 bytes).
PDF statistics:
 270 PDF objects out of 1000 (max. 8388607)
 0 named destinations out of 1000 (max. 500000)
 61 words of extra memory for PDF output out of 10000 (max. 10000000)

