\BOOKMARK [0][-]{chapter.1}{Introduction}{}% 1
\BOOKMARK [1][-]{section.1.1}{Welcome}{chapter.1}% 2
\BOOKMARK [1][-]{section.1.2}{Knowledge Base Concepts According to Genworks}{chapter.1}% 3
\BOOKMARK [1][-]{section.1.3}{Goals for this Tutorial}{chapter.1}% 4
\BOOKMARK [1][-]{section.1.4}{What is GenDL?}{chapter.1}% 5
\BOOKMARK [1][-]{section.1.5}{Why GDL \(what is GDL good for?\)}{chapter.1}% 6
\BOOKMARK [1][-]{section.1.6}{What GDL is not}{chapter.1}% 7
\BOOKMARK [0][-]{chapter.2}{Installation}{}% 8
\BOOKMARK [1][-]{section.2.1}{Installation of pre-packaged Gendl}{chapter.2}% 9
\BOOKMARK [2][-]{subsection.2.1.1}{Download the Software and retrieve a license key}{section.2.1}% 10
\BOOKMARK [2][-]{subsection.2.1.2}{Unpack the Distribution}{section.2.1}% 11
\BOOKMARK [2][-]{subsection.2.1.3}{Make a Desktop Shortcut}{section.2.1}% 12
\BOOKMARK [2][-]{subsection.2.1.4}{Populate your Initialization File}{section.2.1}% 13
\BOOKMARK [1][-]{section.2.2}{Installation of open-source Gendl}{chapter.2}% 14
\BOOKMARK [2][-]{subsection.2.2.1}{Install and Configure your Common Lisp environment}{section.2.2}% 15
\BOOKMARK [2][-]{subsection.2.2.2}{Load and Configure Quicklisp}{section.2.2}% 16
\BOOKMARK [1][-]{section.2.3}{System Startup and Testing}{chapter.2}% 17
\BOOKMARK [2][-]{subsection.2.3.1}{System Startup}{section.2.3}% 18
\BOOKMARK [2][-]{subsection.2.3.2}{Basic System Test}{section.2.3}% 19
\BOOKMARK [2][-]{subsection.2.3.3}{Full Regression Test}{section.2.3}% 20
\BOOKMARK [1][-]{section.2.4}{Getting Help and Support}{chapter.2}% 21
\BOOKMARK [0][-]{chapter.3}{Basic Operation of the Gendl Environment}{}% 22
\BOOKMARK [1][-]{section.3.1}{Startup and Shutdown}{chapter.3}% 23
